This file contains any messages produced by compilers while
running configure, to aid debugging if configure makes a mistake.

It was created by cwx_zk_mq configure 1.0, which was
generated by GNU Autoconf 2.63.  Invocation command line was

  $ ./configure --with-cwinux=/usr/local/cwinux/ --with-zk=/usr/local/ --with-openssl=/usr/

## --------- ##
## Platform. ##
## --------- ##

hostname = BJS0-D135-191
uname -m = x86_64
uname -r = 2.6.32-279.el6.x86_64
uname -s = Linux
uname -v = #1 SMP Fri Jun 22 12:19:21 UTC 2012

/usr/bin/uname -p = unknown
/bin/uname -X     = unknown

/bin/arch              = x86_64
/usr/bin/arch -k       = unknown
/usr/convex/getsysinfo = unknown
/usr/bin/hostinfo      = unknown
/bin/machine           = unknown
/usr/bin/oslevel       = unknown
/bin/universe          = unknown

PATH: /opt/rh/python27/root/usr/bin
PATH: /usr/java/default/bin
PATH: /sbin
PATH: /bin
PATH: /usr/sbin
PATH: /usr/bin


## ----------- ##
## Core tests. ##
## ----------- ##

configure:2087: checking for a BSD-compatible install
configure:2155: result: /usr/bin/install -c
configure:2166: checking whether build environment is sane
configure:2226: result: yes
configure:2367: checking for a thread-safe mkdir -p
configure:2406: result: /bin/mkdir -p
configure:2419: checking for gawk
configure:2435: found /bin/gawk
configure:2446: result: gawk
configure:2457: checking whether make sets $(MAKE)
configure:2479: result: yes
configure:2670: checking for g++
configure:2686: found /usr/bin/g++
configure:2697: result: g++
configure:2724: checking for C++ compiler version
configure:2732: g++ --version >&5
g++ (GCC) 4.4.7 20120313 (Red Hat 4.4.7-4)
Copyright (C) 2010 Free Software Foundation, Inc.
This is free software; see the source for copying conditions.  There is NO
warranty; not even for MERCHANTABILITY or FITNESS FOR A PARTICULAR PURPOSE.

configure:2736: $? = 0
configure:2743: g++ -v >&5
Using built-in specs.
Target: x86_64-redhat-linux
Configured with: ../configure --prefix=/usr --mandir=/usr/share/man --infodir=/usr/share/info --with-bugurl=http://bugzilla.redhat.com/bugzilla --enable-bootstrap --enable-shared --enable-threads=posix --enable-checking=release --with-system-zlib --enable-__cxa_atexit --disable-libunwind-exceptions --enable-gnu-unique-object --enable-languages=c,c++,objc,obj-c++,java,fortran,ada --enable-java-awt=gtk --disable-dssi --with-java-home=/usr/lib/jvm/java-1.5.0-gcj-1.5.0.0/jre --enable-libgcj-multifile --enable-java-maintainer-mode --with-ecj-jar=/usr/share/java/eclipse-ecj.jar --disable-libjava-multilib --with-ppl --with-cloog --with-tune=generic --with-arch_32=i686 --build=x86_64-redhat-linux
Thread model: posix
gcc version 4.4.7 20120313 (Red Hat 4.4.7-4) (GCC) 
configure:2747: $? = 0
configure:2754: g++ -V >&5
g++: '-V' option must have argument
configure:2758: $? = 1
configure:2781: checking for C++ compiler default output file name
configure:2803: g++    conftest.cpp  >&5
configure:2807: $? = 0
configure:2845: result: a.out
configure:2864: checking whether the C++ compiler works
configure:2874: ./a.out
configure:2878: $? = 0
configure:2897: result: yes
configure:2904: checking whether we are cross compiling
configure:2906: result: no
configure:2909: checking for suffix of executables
configure:2916: g++ -o conftest    conftest.cpp  >&5
configure:2920: $? = 0
configure:2946: result: 
configure:2952: checking for suffix of object files
configure:2978: g++ -c   conftest.cpp >&5
configure:2982: $? = 0
configure:3007: result: o
configure:3011: checking whether we are using the GNU C++ compiler
configure:3040: g++ -c   conftest.cpp >&5
configure:3047: $? = 0
configure:3064: result: yes
configure:3073: checking whether g++ accepts -g
configure:3103: g++ -c -g  conftest.cpp >&5
configure:3110: $? = 0
configure:3211: result: yes
configure:3245: checking for style of include used by make
configure:3273: result: GNU
configure:3298: checking dependency style of g++
configure:3408: result: gcc3
configure:3471: checking for gcc
configure:3487: found /usr/bin/gcc
configure:3498: result: gcc
configure:3730: checking for C compiler version
configure:3738: gcc --version >&5
gcc (GCC) 4.4.7 20120313 (Red Hat 4.4.7-4)
Copyright (C) 2010 Free Software Foundation, Inc.
This is free software; see the source for copying conditions.  There is NO
warranty; not even for MERCHANTABILITY or FITNESS FOR A PARTICULAR PURPOSE.

configure:3742: $? = 0
configure:3749: gcc -v >&5
Using built-in specs.
Target: x86_64-redhat-linux
Configured with: ../configure --prefix=/usr --mandir=/usr/share/man --infodir=/usr/share/info --with-bugurl=http://bugzilla.redhat.com/bugzilla --enable-bootstrap --enable-shared --enable-threads=posix --enable-checking=release --with-system-zlib --enable-__cxa_atexit --disable-libunwind-exceptions --enable-gnu-unique-object --enable-languages=c,c++,objc,obj-c++,java,fortran,ada --enable-java-awt=gtk --disable-dssi --with-java-home=/usr/lib/jvm/java-1.5.0-gcj-1.5.0.0/jre --enable-libgcj-multifile --enable-java-maintainer-mode --with-ecj-jar=/usr/share/java/eclipse-ecj.jar --disable-libjava-multilib --with-ppl --with-cloog --with-tune=generic --with-arch_32=i686 --build=x86_64-redhat-linux
Thread model: posix
gcc version 4.4.7 20120313 (Red Hat 4.4.7-4) (GCC) 
configure:3753: $? = 0
configure:3760: gcc -V >&5
gcc: '-V' option must have argument
configure:3764: $? = 1
configure:3767: checking whether we are using the GNU C compiler
configure:3796: gcc -c   conftest.c >&5
configure:3803: $? = 0
configure:3820: result: yes
configure:3829: checking whether gcc accepts -g
configure:3859: gcc -c -g  conftest.c >&5
configure:3866: $? = 0
configure:3967: result: yes
configure:3984: checking for gcc option to accept ISO C89
configure:4058: gcc  -c -g -O2  conftest.c >&5
configure:4065: $? = 0
configure:4088: result: none needed
configure:4108: checking dependency style of gcc
configure:4218: result: gcc3
configure:4264: checking build system type
configure:4282: result: x86_64-unknown-linux-gnu
configure:4304: checking host system type
configure:4319: result: x86_64-unknown-linux-gnu
configure:4341: checking for a sed that does not truncate output
configure:4407: result: /bin/sed
configure:4425: checking for grep that handles long lines and -e
configure:4485: result: /bin/grep
configure:4490: checking for egrep
configure:4554: result: /bin/grep -E
configure:4559: checking for fgrep
configure:4623: result: /bin/grep -F
configure:4658: checking for ld used by gcc
configure:4725: result: /usr/bin/ld
configure:4734: checking if the linker (/usr/bin/ld) is GNU ld
configure:4749: result: yes
configure:4761: checking for BSD- or MS-compatible name lister (nm)
configure:4810: result: /usr/bin/nm -B
configure:4928: checking the name lister (/usr/bin/nm -B) interface
configure:4935: gcc -c -g -O2  conftest.c >&5
configure:4938: /usr/bin/nm -B "conftest.o"
configure:4941: output
0000000000000000 B some_variable
configure:4948: result: BSD nm
configure:4951: checking whether ln -s works
configure:4955: result: yes
configure:4963: checking the maximum length of command line arguments
configure:5083: result: 1966080
configure:5100: checking whether the shell understands some XSI constructs
configure:5110: result: yes
configure:5114: checking whether the shell understands "+="
configure:5120: result: yes
configure:5155: checking for /usr/bin/ld option to reload object files
configure:5162: result: -r
configure:5231: checking for objdump
configure:5247: found /usr/bin/objdump
configure:5258: result: objdump
configure:5290: checking how to recognize dependent libraries
configure:5486: result: pass_all
configure:5546: checking for ar
configure:5562: found /usr/bin/ar
configure:5573: result: ar
configure:5651: checking for strip
configure:5667: found /usr/bin/strip
configure:5678: result: strip
configure:5750: checking for ranlib
configure:5766: found /usr/bin/ranlib
configure:5777: result: ranlib
configure:5867: checking command to parse /usr/bin/nm -B output from gcc object
configure:5985: gcc -c -g -O2  conftest.c >&5
configure:5988: $? = 0
configure:5992: /usr/bin/nm -B conftest.o \| sed -n -e 's/^.*[	 ]\([ABCDGIRSTW][ABCDGIRSTW]*\)[	 ][	 ]*\([_A-Za-z][_A-Za-z0-9]*\)$/\1 \2 \2/p' \> conftest.nm
configure:5995: $? = 0
configure:6049: gcc -o conftest -g -O2   conftest.c conftstm.o >&5
configure:6052: $? = 0
configure:6090: result: ok
configure:6186: gcc -c -g -O2  conftest.c >&5
configure:6189: $? = 0
configure:6957: checking how to run the C preprocessor
configure:6997: gcc -E  conftest.c
configure:7004: $? = 0
configure:7035: gcc -E  conftest.c
conftest.c:10:28: error: ac_nonexistent.h: No such file or directory
configure:7042: $? = 1
configure: failed program was:
| /* confdefs.h.  */
| #define PACKAGE_NAME "cwx_zk_mq"
| #define PACKAGE_TARNAME "cwx_zk_mq"
| #define PACKAGE_VERSION "1.0"
| #define PACKAGE_STRING "cwx_zk_mq 1.0"
| #define PACKAGE_BUGREPORT ""
| #define PACKAGE "cwx_zk_mq"
| #define VERSION "1.0"
| /* end confdefs.h.  */
| #include <ac_nonexistent.h>
configure:7075: result: gcc -E
configure:7104: gcc -E  conftest.c
configure:7111: $? = 0
configure:7142: gcc -E  conftest.c
conftest.c:10:28: error: ac_nonexistent.h: No such file or directory
configure:7149: $? = 1
configure: failed program was:
| /* confdefs.h.  */
| #define PACKAGE_NAME "cwx_zk_mq"
| #define PACKAGE_TARNAME "cwx_zk_mq"
| #define PACKAGE_VERSION "1.0"
| #define PACKAGE_STRING "cwx_zk_mq 1.0"
| #define PACKAGE_BUGREPORT ""
| #define PACKAGE "cwx_zk_mq"
| #define VERSION "1.0"
| /* end confdefs.h.  */
| #include <ac_nonexistent.h>
configure:7189: checking for ANSI C header files
configure:7219: gcc -c -g -O2  conftest.c >&5
configure:7226: $? = 0
configure:7325: gcc -o conftest -g -O2   conftest.c  >&5
configure:7329: $? = 0
configure:7335: ./conftest
configure:7339: $? = 0
configure:7357: result: yes
configure:7381: checking for sys/types.h
configure:7402: gcc -c -g -O2  conftest.c >&5
configure:7409: $? = 0
configure:7426: result: yes
configure:7381: checking for sys/stat.h
configure:7402: gcc -c -g -O2  conftest.c >&5
configure:7409: $? = 0
configure:7426: result: yes
configure:7381: checking for stdlib.h
configure:7402: gcc -c -g -O2  conftest.c >&5
configure:7409: $? = 0
configure:7426: result: yes
configure:7381: checking for string.h
configure:7402: gcc -c -g -O2  conftest.c >&5
configure:7409: $? = 0
configure:7426: result: yes
configure:7381: checking for memory.h
configure:7402: gcc -c -g -O2  conftest.c >&5
configure:7409: $? = 0
configure:7426: result: yes
configure:7381: checking for strings.h
configure:7402: gcc -c -g -O2  conftest.c >&5
configure:7409: $? = 0
configure:7426: result: yes
configure:7381: checking for inttypes.h
configure:7402: gcc -c -g -O2  conftest.c >&5
configure:7409: $? = 0
configure:7426: result: yes
configure:7381: checking for stdint.h
configure:7402: gcc -c -g -O2  conftest.c >&5
configure:7409: $? = 0
configure:7426: result: yes
configure:7381: checking for unistd.h
configure:7402: gcc -c -g -O2  conftest.c >&5
configure:7409: $? = 0
configure:7426: result: yes
configure:7444: checking for dlfcn.h
configure:7465: gcc -c -g -O2  conftest.c >&5
configure:7472: $? = 0
configure:7489: result: yes
configure:7616: checking for C++ compiler version
configure:7624: g++ --version >&5
g++ (GCC) 4.4.7 20120313 (Red Hat 4.4.7-4)
Copyright (C) 2010 Free Software Foundation, Inc.
This is free software; see the source for copying conditions.  There is NO
warranty; not even for MERCHANTABILITY or FITNESS FOR A PARTICULAR PURPOSE.

configure:7628: $? = 0
configure:7635: g++ -v >&5
Using built-in specs.
Target: x86_64-redhat-linux
Configured with: ../configure --prefix=/usr --mandir=/usr/share/man --infodir=/usr/share/info --with-bugurl=http://bugzilla.redhat.com/bugzilla --enable-bootstrap --enable-shared --enable-threads=posix --enable-checking=release --with-system-zlib --enable-__cxa_atexit --disable-libunwind-exceptions --enable-gnu-unique-object --enable-languages=c,c++,objc,obj-c++,java,fortran,ada --enable-java-awt=gtk --disable-dssi --with-java-home=/usr/lib/jvm/java-1.5.0-gcj-1.5.0.0/jre --enable-libgcj-multifile --enable-java-maintainer-mode --with-ecj-jar=/usr/share/java/eclipse-ecj.jar --disable-libjava-multilib --with-ppl --with-cloog --with-tune=generic --with-arch_32=i686 --build=x86_64-redhat-linux
Thread model: posix
gcc version 4.4.7 20120313 (Red Hat 4.4.7-4) (GCC) 
configure:7639: $? = 0
configure:7646: g++ -V >&5
g++: '-V' option must have argument
configure:7650: $? = 1
configure:7653: checking whether we are using the GNU C++ compiler
configure:7706: result: yes
configure:7715: checking whether g++ accepts -g
configure:7853: result: yes
configure:7878: checking dependency style of g++
configure:7988: result: gcc3
configure:8011: checking how to run the C++ preprocessor
configure:8047: g++ -E  conftest.cpp
configure:8054: $? = 0
configure:8085: g++ -E  conftest.cpp
conftest.cpp:21:28: error: ac_nonexistent.h: No such file or directory
configure:8092: $? = 1
configure: failed program was:
| /* confdefs.h.  */
| #define PACKAGE_NAME "cwx_zk_mq"
| #define PACKAGE_TARNAME "cwx_zk_mq"
| #define PACKAGE_VERSION "1.0"
| #define PACKAGE_STRING "cwx_zk_mq 1.0"
| #define PACKAGE_BUGREPORT ""
| #define PACKAGE "cwx_zk_mq"
| #define VERSION "1.0"
| #define STDC_HEADERS 1
| #define HAVE_SYS_TYPES_H 1
| #define HAVE_SYS_STAT_H 1
| #define HAVE_STDLIB_H 1
| #define HAVE_STRING_H 1
| #define HAVE_MEMORY_H 1
| #define HAVE_STRINGS_H 1
| #define HAVE_INTTYPES_H 1
| #define HAVE_STDINT_H 1
| #define HAVE_UNISTD_H 1
| #define HAVE_DLFCN_H 1
| /* end confdefs.h.  */
| #include <ac_nonexistent.h>
configure:8125: result: g++ -E
configure:8154: g++ -E  conftest.cpp
configure:8161: $? = 0
configure:8192: g++ -E  conftest.cpp
conftest.cpp:21:28: error: ac_nonexistent.h: No such file or directory
configure:8199: $? = 1
configure: failed program was:
| /* confdefs.h.  */
| #define PACKAGE_NAME "cwx_zk_mq"
| #define PACKAGE_TARNAME "cwx_zk_mq"
| #define PACKAGE_VERSION "1.0"
| #define PACKAGE_STRING "cwx_zk_mq 1.0"
| #define PACKAGE_BUGREPORT ""
| #define PACKAGE "cwx_zk_mq"
| #define VERSION "1.0"
| #define STDC_HEADERS 1
| #define HAVE_SYS_TYPES_H 1
| #define HAVE_SYS_STAT_H 1
| #define HAVE_STDLIB_H 1
| #define HAVE_STRING_H 1
| #define HAVE_MEMORY_H 1
| #define HAVE_STRINGS_H 1
| #define HAVE_INTTYPES_H 1
| #define HAVE_STDINT_H 1
| #define HAVE_UNISTD_H 1
| #define HAVE_DLFCN_H 1
| /* end confdefs.h.  */
| #include <ac_nonexistent.h>
configure:8413: checking for objdir
configure:8428: result: .libs
configure:8720: checking if gcc supports -fno-rtti -fno-exceptions
configure:8738: gcc -c -g -O2  -fno-rtti -fno-exceptions conftest.c >&5
cc1: warning: command line option "-fno-rtti" is valid for C++/ObjC++ but not for C
configure:8742: $? = 0
configure:8755: result: no
configure:8775: checking for gcc option to produce PIC
configure:9047: result: -fPIC -DPIC
configure:9059: checking if gcc PIC flag -fPIC -DPIC works
configure:9077: gcc -c -g -O2  -fPIC -DPIC -DPIC conftest.c >&5
configure:9081: $? = 0
configure:9094: result: yes
configure:9118: checking if gcc static flag -static works
configure:9146: result: no
configure:9161: checking if gcc supports -c -o file.o
configure:9182: gcc -c -g -O2  -o out/conftest2.o conftest.c >&5
configure:9186: $? = 0
configure:9208: result: yes
configure:9216: checking if gcc supports -c -o file.o
configure:9263: result: yes
configure:9296: checking whether the gcc linker (/usr/bin/ld -m elf_x86_64) supports shared libraries
configure:10370: result: yes
configure:10407: checking whether -lc should be explicitly linked in
configure:10412: gcc -c -g -O2  conftest.c >&5
configure:10415: $? = 0
configure:10430: gcc -shared conftest.o  -v -Wl,-soname -Wl,conftest -o conftest 2\>\&1 \| /bin/grep  -lc  \>/dev/null 2\>\&1
configure:10433: $? = 0
configure:10445: result: no
configure:10609: checking dynamic linker characteristics
configure:11052: gcc -o conftest -g -O2   -Wl,-rpath -Wl,/foo conftest.c  >&5
configure:11059: $? = 0
configure:11295: result: GNU/Linux ld.so
configure:11397: checking how to hardcode library paths into programs
configure:11422: result: immediate
configure:12255: checking whether stripping libraries is possible
configure:12260: result: yes
configure:12295: checking if libtool supports shared libraries
configure:12297: result: yes
configure:12300: checking whether to build shared libraries
configure:12321: result: yes
configure:12324: checking whether to build static libraries
configure:12328: result: yes
configure:12478: checking for ld used by g++
configure:12545: result: /usr/bin/ld -m elf_x86_64
configure:12554: checking if the linker (/usr/bin/ld -m elf_x86_64) is GNU ld
configure:12569: result: yes
configure:12624: checking whether the g++ linker (/usr/bin/ld -m elf_x86_64) supports shared libraries
configure:13599: result: yes
configure:13627: g++ -c -g -O2  conftest.cpp >&5
configure:13630: $? = 0
configure:13812: checking for g++ option to produce PIC
configure:14129: result: -fPIC -DPIC
configure:14138: checking if g++ PIC flag -fPIC -DPIC works
configure:14156: g++ -c -g -O2  -fPIC -DPIC -DPIC conftest.cpp >&5
configure:14160: $? = 0
configure:14173: result: yes
configure:14194: checking if g++ static flag -static works
configure:14222: result: no
configure:14234: checking if g++ supports -c -o file.o
configure:14255: g++ -c -g -O2  -o out/conftest2.o conftest.cpp >&5
configure:14259: $? = 0
configure:14281: result: yes
configure:14286: checking if g++ supports -c -o file.o
configure:14333: result: yes
configure:14363: checking whether the g++ linker (/usr/bin/ld -m elf_x86_64) supports shared libraries
configure:14389: result: yes
configure:14526: checking dynamic linker characteristics
configure:14917: g++ -o conftest -g -O2   -Wl,-rpath -Wl,/foo conftest.cpp  >&5
configure:14924: $? = 0
configure:15160: result: GNU/Linux ld.so
configure:15211: checking how to hardcode library paths into programs
configure:15236: result: immediate
configure:15296: checking if g++ supports C++0x features without additional flags
configure:15343: g++ -c -g -O2  conftest.cpp >&5
conftest.cpp:26: error: expected identifier before 'sizeof'
conftest.cpp:26: error: expected ',' or '...' before 'sizeof'
conftest.cpp:26: error: ISO C++ forbids declaration of 'static_assert' with no type
conftest.cpp:29: error: '>>' should be '> >' within a nested template argument list
conftest.cpp:32: error: expected constructor, destructor, or type conversion before '(' token
conftest.cpp:36: error: expected unqualified-id before '&&' token
configure:15350: $? = 1
configure: failed program was:
| /* confdefs.h.  */
| #define PACKAGE_NAME "cwx_zk_mq"
| #define PACKAGE_TARNAME "cwx_zk_mq"
| #define PACKAGE_VERSION "1.0"
| #define PACKAGE_STRING "cwx_zk_mq 1.0"
| #define PACKAGE_BUGREPORT ""
| #define PACKAGE "cwx_zk_mq"
| #define VERSION "1.0"
| #define STDC_HEADERS 1
| #define HAVE_SYS_TYPES_H 1
| #define HAVE_SYS_STAT_H 1
| #define HAVE_STDLIB_H 1
| #define HAVE_STRING_H 1
| #define HAVE_MEMORY_H 1
| #define HAVE_STRINGS_H 1
| #define HAVE_INTTYPES_H 1
| #define HAVE_STDINT_H 1
| #define HAVE_UNISTD_H 1
| #define HAVE_DLFCN_H 1
| #define LT_OBJDIR ".libs/"
| /* end confdefs.h.  */
| 
|   template <typename T>
|     struct check
|     {
|       static_assert(sizeof(int) <= sizeof(T), "not big enough");
|     };
| 
|     typedef check<check<bool>> right_angle_brackets;
| 
|     int a;
|     decltype(a) b;
| 
|     typedef check<int> check_type;
|     check_type c;
|     check_type&& cr = static_cast<check_type&&>(c);
| int
| main ()
| {
| 
|   ;
|   return 0;
| }
configure:15372: result: no
configure:15375: checking if g++ supports C++0x features with -std=c++0x
configure:15424: g++ -c -g -O2 -std=c++0x  conftest.cpp >&5
configure:15431: $? = 0
configure:15454: result: yes
configure:15457: checking if g++ supports C++0x features with -std=gnu++0x
configure:15506: g++ -c -g -O2 -std=gnu++0x  conftest.cpp >&5
configure:15513: $? = 0
configure:15536: result: yes
configure:15568: checking for libevent directory
configure:15598: result: cwinux found!
configure:15615: result: zookeeper found!
configure:15632: result: openssl found!
configure:15787: creating ./config.status

## ---------------------- ##
## Running config.status. ##
## ---------------------- ##

This file was extended by cwx_zk_mq config.status 1.0, which was
generated by GNU Autoconf 2.63.  Invocation command line was

  CONFIG_FILES    = 
  CONFIG_HEADERS  = 
  CONFIG_LINKS    = 
  CONFIG_COMMANDS = 
  $ ./config.status 

on BJS0-D135-191

config.status:1052: creating Makefile
config.status:1052: creating mq/Makefile
config.status:1052: creating product_proxy/Makefile
config.status:1052: creating subscribe_proxy/Makefile
config.status:1052: creating config.h
config.status:1274: config.h is unchanged
config.status:1326: executing depfiles commands
config.status:1326: executing libtool commands

## ---------------- ##
## Cache variables. ##
## ---------------- ##

ac_cv_build=x86_64-unknown-linux-gnu
ac_cv_c_compiler_gnu=yes
ac_cv_cxx_compiler_gnu=yes
ac_cv_env_CCC_set=
ac_cv_env_CCC_value=
ac_cv_env_CC_set=
ac_cv_env_CC_value=
ac_cv_env_CFLAGS_set=
ac_cv_env_CFLAGS_value=
ac_cv_env_CPPFLAGS_set=
ac_cv_env_CPPFLAGS_value=
ac_cv_env_CPP_set=
ac_cv_env_CPP_value=
ac_cv_env_CXXCPP_set=
ac_cv_env_CXXCPP_value=
ac_cv_env_CXXFLAGS_set=
ac_cv_env_CXXFLAGS_value=
ac_cv_env_CXX_set=
ac_cv_env_CXX_value=
ac_cv_env_LDFLAGS_set=
ac_cv_env_LDFLAGS_value=
ac_cv_env_LIBS_set=
ac_cv_env_LIBS_value=
ac_cv_env_build_alias_set=
ac_cv_env_build_alias_value=
ac_cv_env_host_alias_set=
ac_cv_env_host_alias_value=
ac_cv_env_target_alias_set=
ac_cv_env_target_alias_value=
ac_cv_header_dlfcn_h=yes
ac_cv_header_inttypes_h=yes
ac_cv_header_memory_h=yes
ac_cv_header_stdc=yes
ac_cv_header_stdint_h=yes
ac_cv_header_stdlib_h=yes
ac_cv_header_string_h=yes
ac_cv_header_strings_h=yes
ac_cv_header_sys_stat_h=yes
ac_cv_header_sys_types_h=yes
ac_cv_header_unistd_h=yes
ac_cv_host=x86_64-unknown-linux-gnu
ac_cv_objext=o
ac_cv_path_EGREP='/bin/grep -E'
ac_cv_path_FGREP='/bin/grep -F'
ac_cv_path_GREP=/bin/grep
ac_cv_path_SED=/bin/sed
ac_cv_path_install='/usr/bin/install -c'
ac_cv_path_mkdir=/bin/mkdir
ac_cv_prog_AWK=gawk
ac_cv_prog_CPP='gcc -E'
ac_cv_prog_CXXCPP='g++ -E'
ac_cv_prog_ac_ct_AR=ar
ac_cv_prog_ac_ct_CC=gcc
ac_cv_prog_ac_ct_CXX=g++
ac_cv_prog_ac_ct_OBJDUMP=objdump
ac_cv_prog_ac_ct_RANLIB=ranlib
ac_cv_prog_ac_ct_STRIP=strip
ac_cv_prog_cc_c89=
ac_cv_prog_cc_g=yes
ac_cv_prog_cxx_g=yes
ac_cv_prog_make_make_set=yes
am_cv_CC_dependencies_compiler_type=gcc3
am_cv_CXX_dependencies_compiler_type=gcc3
ax_cv_cxx_compile_cxx0x_cxx=yes
ax_cv_cxx_compile_cxx0x_gxx=yes
ax_cv_cxx_compile_cxx0x_native=no
lt_cv_deplibs_check_method=pass_all
lt_cv_file_magic_cmd='$MAGIC_CMD'
lt_cv_file_magic_test_file=
lt_cv_ld_reload_flag=-r
lt_cv_nm_interface='BSD nm'
lt_cv_objdir=.libs
lt_cv_path_LD=/usr/bin/ld
lt_cv_path_LDCXX='/usr/bin/ld -m elf_x86_64'
lt_cv_path_NM='/usr/bin/nm -B'
lt_cv_prog_compiler_c_o=yes
lt_cv_prog_compiler_c_o_CXX=yes
lt_cv_prog_compiler_pic_works=yes
lt_cv_prog_compiler_pic_works_CXX=yes
lt_cv_prog_compiler_rtti_exceptions=no
lt_cv_prog_compiler_static_works=no
lt_cv_prog_compiler_static_works_CXX=no
lt_cv_prog_gnu_ld=yes
lt_cv_prog_gnu_ldcxx=yes
lt_cv_sys_global_symbol_pipe='sed -n -e '\''s/^.*[	 ]\([ABCDGIRSTW][ABCDGIRSTW]*\)[	 ][	 ]*\([_A-Za-z][_A-Za-z0-9]*\)$/\1 \2 \2/p'\'''
lt_cv_sys_global_symbol_to_c_name_address='sed -n -e '\''s/^: \([^ ]*\) $/  {\"\1\", (void *) 0},/p'\'' -e '\''s/^[ABCDGIRSTW]* \([^ ]*\) \([^ ]*\)$/  {"\2", (void *) \&\2},/p'\'''
lt_cv_sys_global_symbol_to_c_name_address_lib_prefix='sed -n -e '\''s/^: \([^ ]*\) $/  {\"\1\", (void *) 0},/p'\'' -e '\''s/^[ABCDGIRSTW]* \([^ ]*\) \(lib[^ ]*\)$/  {"\2", (void *) \&\2},/p'\'' -e '\''s/^[ABCDGIRSTW]* \([^ ]*\) \([^ ]*\)$/  {"lib\2", (void *) \&\2},/p'\'''
lt_cv_sys_global_symbol_to_cdecl='sed -n -e '\''s/^T .* \(.*\)$/extern int \1();/p'\'' -e '\''s/^[ABCDGIRSTW]* .* \(.*\)$/extern char \1;/p'\'''
lt_cv_sys_max_cmd_len=1966080

## ----------------- ##
## Output variables. ##
## ----------------- ##

ACLOCAL='${SHELL} /root/smothmq/src/missing --run aclocal-1.11'
AMDEPBACKSLASH='\'
AMDEP_FALSE='#'
AMDEP_TRUE=''
AMTAR='${SHELL} /root/smothmq/src/missing --run tar'
AR='ar'
AUTOCONF='${SHELL} /root/smothmq/src/missing --run autoconf'
AUTOHEADER='${SHELL} /root/smothmq/src/missing --run autoheader'
AUTOMAKE='${SHELL} /root/smothmq/src/missing --run automake-1.11'
AWK='gawk'
CC='gcc'
CCDEPMODE='depmode=gcc3'
CFLAGS='-g -O2'
CPP='gcc -E'
CPPFLAGS=''
CXX='g++'
CXXCPP='g++ -E'
CXXDEPMODE='depmode=gcc3'
CXXFLAGS='-g -O2 -std=c++0x'
CYGPATH_W='echo'
DEFS='-DHAVE_CONFIG_H'
DEPDIR='.deps'
DSYMUTIL=''
DUMPBIN=''
ECHO_C=''
ECHO_N='-n'
ECHO_T=''
EGREP='/bin/grep -E'
EXEEXT=''
FGREP='/bin/grep -F'
GREP='/bin/grep'
INSTALL_DATA='${INSTALL} -m 644'
INSTALL_PROGRAM='${INSTALL}'
INSTALL_SCRIPT='${INSTALL}'
INSTALL_STRIP_PROGRAM='$(install_sh) -c -s'
LD='/usr/bin/ld -m elf_x86_64'
LDFLAGS=''
LIBOBJS=''
LIBS=''
LIBTOOL='$(SHELL) /usr/bin/libtool'
LIPO=''
LN_S='ln -s'
LTLIBOBJS=''
MAKEINFO='${SHELL} /root/smothmq/src/missing --run makeinfo'
MKDIR_P='/bin/mkdir -p'
NM='/usr/bin/nm -B'
NMEDIT=''
OBJDUMP='objdump'
OBJEXT='o'
OTOOL64=''
OTOOL=''
PACKAGE='cwx_zk_mq'
PACKAGE_BUGREPORT=''
PACKAGE_NAME='cwx_zk_mq'
PACKAGE_STRING='cwx_zk_mq 1.0'
PACKAGE_TARNAME='cwx_zk_mq'
PACKAGE_VERSION='1.0'
PATH_SEPARATOR=':'
RANLIB='ranlib'
SED='/bin/sed'
SET_MAKE=''
SHELL='/bin/sh'
STRIP='strip'
VERSION='1.0'
ac_ct_CC='gcc'
ac_ct_CXX='g++'
ac_ct_DUMPBIN=''
am__EXEEXT_FALSE=''
am__EXEEXT_TRUE='#'
am__fastdepCC_FALSE='#'
am__fastdepCC_TRUE=''
am__fastdepCXX_FALSE='#'
am__fastdepCXX_TRUE=''
am__include='include'
am__isrc=''
am__leading_dot='.'
am__quote=''
am__tar='${AMTAR} chof - "$$tardir"'
am__untar='${AMTAR} xf -'
bindir='${exec_prefix}/bin'
build='x86_64-unknown-linux-gnu'
build_alias=''
build_cpu='x86_64'
build_os='linux-gnu'
build_vendor='unknown'
cwinux_dir='/usr/local/cwinux/'
datadir='${datarootdir}'
datarootdir='${prefix}/share'
docdir='${datarootdir}/doc/${PACKAGE_TARNAME}'
dvidir='${docdir}'
exec_prefix='${prefix}'
host='x86_64-unknown-linux-gnu'
host_alias=''
host_cpu='x86_64'
host_os='linux-gnu'
host_vendor='unknown'
htmldir='${docdir}'
includedir='${prefix}/include'
infodir='${datarootdir}/info'
install_sh='${SHELL} /root/smothmq/src/install-sh'
libdir='${exec_prefix}/lib'
libexecdir='${exec_prefix}/libexec'
localedir='${datarootdir}/locale'
localstatedir='${prefix}/var'
lt_ECHO='echo'
mandir='${datarootdir}/man'
mkdir_p='/bin/mkdir -p'
oldincludedir='/usr/include'
openssl_dir=''
pdfdir='${docdir}'
prefix='/usr/local'
program_transform_name='s,x,x,'
psdir='${docdir}'
sbindir='${exec_prefix}/sbin'
sharedstatedir='${prefix}/com'
sysconfdir='${prefix}/etc'
target_alias=''
zk_dir='/usr/'

## ----------- ##
## confdefs.h. ##
## ----------- ##

#define PACKAGE_NAME "cwx_zk_mq"
#define PACKAGE_TARNAME "cwx_zk_mq"
#define PACKAGE_VERSION "1.0"
#define PACKAGE_STRING "cwx_zk_mq 1.0"
#define PACKAGE_BUGREPORT ""
#define PACKAGE "cwx_zk_mq"
#define VERSION "1.0"
#define STDC_HEADERS 1
#define HAVE_SYS_TYPES_H 1
#define HAVE_SYS_STAT_H 1
#define HAVE_STDLIB_H 1
#define HAVE_STRING_H 1
#define HAVE_MEMORY_H 1
#define HAVE_STRINGS_H 1
#define HAVE_INTTYPES_H 1
#define HAVE_STDINT_H 1
#define HAVE_UNISTD_H 1
#define HAVE_DLFCN_H 1
#define LT_OBJDIR ".libs/"
#define HAVE_STDCXX_0X /**/

configure: exit 0
